\BOOKMARK [1][-]{section.1}{\376\377\000I\000n\000t\000r\000o\000d\000u\000c\000t\000i\000o\000n}{}% 1
\BOOKMARK [2][-]{subsection.1.1}{\376\377\000P\000u\000r\000p\000o\000s\000e}{section.1}% 2
\BOOKMARK [2][-]{subsection.1.2}{\376\377\000S\000c\000o\000p\000e}{section.1}% 3
\BOOKMARK [2][-]{subsection.1.3}{\376\377\000D\000e\000f\000i\000n\000i\000t\000i\000o\000n\000s\000,\000\040\000A\000c\000r\000o\000n\000y\000m\000s\000,\000\040\000A\000b\000b\000r\000e\000v\000i\000a\000t\000i\000o\000n\000s}{section.1}% 4
\BOOKMARK [3][-]{subsubsection.1.3.1}{\376\377\000D\000e\000f\000i\000n\000i\000t\000i\000o\000n\000s}{subsection.1.3}% 5
\BOOKMARK [3][-]{subsubsection.1.3.2}{\376\377\000A\000c\000r\000o\000n\000y\000m\000s}{subsection.1.3}% 6
\BOOKMARK [3][-]{subsubsection.1.3.3}{\376\377\000A\000b\000b\000r\000e\000v\000i\000a\000t\000i\000o\000n\000s}{subsection.1.3}% 7
\BOOKMARK [2][-]{subsection.1.4}{\376\377\000R\000e\000v\000i\000s\000i\000o\000n\000\040\000H\000i\000s\000t\000o\000r\000y}{section.1}% 8
\BOOKMARK [2][-]{subsection.1.5}{\376\377\000R\000e\000f\000e\000r\000e\000n\000c\000e\000\040\000D\000o\000c\000u\000m\000e\000n\000t\000s}{section.1}% 9
\BOOKMARK [2][-]{subsection.1.6}{\376\377\000D\000o\000c\000u\000m\000e\000n\000t\000\040\000S\000t\000r\000u\000c\000t\000u\000r\000e}{section.1}% 10
\BOOKMARK [1][-]{section.2}{\376\377\000A\000r\000c\000h\000i\000t\000e\000c\000t\000u\000r\000a\000l\000\040\000d\000e\000s\000i\000g\000n}{}% 11
\BOOKMARK [2][-]{subsection.2.1}{\376\377\000O\000v\000e\000r\000v\000i\000e\000w}{section.2}% 12
\BOOKMARK [3][-]{subsubsection.2.1.1}{\376\377\000H\000i\000g\000h\000\040\000l\000e\000v\000e\000l\000\040\000v\000i\000e\000w}{subsection.2.1}% 13
\BOOKMARK [3][-]{subsubsection.2.1.2}{\376\377\000D\000i\000s\000t\000r\000i\000b\000u\000t\000e\000d\000\040\000v\000i\000e\000w}{subsection.2.1}% 14
\BOOKMARK [2][-]{subsection.2.2}{\376\377\000C\000o\000m\000p\000o\000n\000e\000n\000t\000\040\000v\000i\000e\000w}{section.2}% 15
\BOOKMARK [3][-]{subsubsection.2.2.1}{\376\377\000T\000h\000e\000\040\000R\000e\000l\000a\000t\000i\000o\000n\000a\000l\000\040\000D\000a\000t\000a\000b\000a\000s\000e}{subsection.2.2}% 16
\BOOKMARK [3][-]{subsubsection.2.2.2}{\376\377\000T\000h\000e\000\040\000M\000o\000d\000e\000l}{subsection.2.2}% 17
\BOOKMARK [3][-]{subsubsection.2.2.3}{\376\377\000T\000h\000e\000\040\000G\000i\000t\000H\000u\000b\000\040\000M\000a\000n\000a\000g\000e\000r}{subsection.2.2}% 18
\BOOKMARK [3][-]{subsubsection.2.2.4}{\376\377\000T\000h\000e\000\040\000N\000o\000t\000i\000f\000i\000c\000a\000t\000i\000o\000n\000\040\000M\000a\000n\000a\000g\000e\000r}{subsection.2.2}% 19
\BOOKMARK [3][-]{subsubsection.2.2.5}{\376\377\000T\000h\000e\000\040\000A\000u\000t\000h\000e\000n\000t\000i\000c\000a\000t\000i\000o\000n\000\040\000M\000a\000n\000a\000g\000e\000r}{subsection.2.2}% 20
\BOOKMARK [3][-]{subsubsection.2.2.6}{\376\377\000T\000h\000e\000\040\000H\000T\000T\000P\000\040\000M\000a\000n\000a\000g\000e\000r}{subsection.2.2}% 21
\BOOKMARK [3][-]{subsubsection.2.2.7}{\376\377\000T\000h\000e\000\040\000B\000a\000t\000t\000l\000e\000\040\000M\000a\000n\000a\000g\000e\000r}{subsection.2.2}% 22
\BOOKMARK [3][-]{subsubsection.2.2.8}{\376\377\000T\000h\000e\000\040\000T\000o\000u\000r\000n\000a\000m\000e\000n\000t\000\040\000M\000a\000n\000a\000g\000e\000r}{subsection.2.2}% 23
\BOOKMARK [3][-]{subsubsection.2.2.9}{\376\377\000T\000h\000e\000\040\000S\000u\000b\000m\000i\000s\000s\000i\000o\000n\000\040\000E\000v\000a\000l\000u\000a\000t\000i\000o\000n\000\040\000M\000a\000n\000a\000g\000e\000r}{subsection.2.2}% 24
\BOOKMARK [3][-]{subsubsection.2.2.10}{\376\377\000T\000h\000e\000\040\000W\000e\000b\000-\000A\000p\000p}{subsection.2.2}% 25
\BOOKMARK [3][-]{subsubsection.2.2.11}{\376\377\000T\000h\000e\000\040\000W\000e\000b\000\040\000S\000e\000r\000v\000e\000r}{subsection.2.2}% 26
\BOOKMARK [2][-]{subsection.2.3}{\376\377\000D\000e\000p\000l\000o\000y\000m\000e\000n\000t\000\040\000v\000i\000e\000w}{section.2}% 27
\BOOKMARK [2][-]{subsection.2.4}{\376\377\000R\000u\000n\000t\000i\000m\000e\000\040\000v\000i\000e\000w\000s}{section.2}% 28
\BOOKMARK [2][-]{subsection.2.5}{\376\377\000C\000o\000m\000p\000o\000n\000e\000n\000t\000\040\000i\000n\000t\000e\000r\000f\000a\000c\000e\000s}{section.2}% 29
\BOOKMARK [3][-]{subsubsection.2.5.1}{\376\377\000W\000e\000b\000\040\000S\000e\000r\000v\000e\000r}{subsection.2.5}% 30
\BOOKMARK [3][-]{subsubsection.2.5.2}{\376\377\000H\000t\000t\000p\000\040\000M\000a\000n\000a\000g\000e\000r}{subsection.2.5}% 31
\BOOKMARK [2][-]{subsection.2.6}{\376\377\000S\000e\000l\000e\000c\000t\000e\000d\000\040\000a\000r\000c\000h\000i\000t\000e\000c\000t\000u\000r\000a\000l\000\040\000S\000t\000y\000l\000e\000s\000\040\000a\000n\000d\000\040\000p\000a\000t\000t\000e\000r\000n\000s}{section.2}% 32
\BOOKMARK [3][-]{subsubsection.2.6.1}{\376\377\0004\000-\000t\000i\000e\000r\000\040\000A\000r\000c\000h\000i\000t\000e\000c\000t\000u\000r\000e}{subsection.2.6}% 33
\BOOKMARK [3][-]{subsubsection.2.6.2}{\376\377\000M\000o\000d\000e\000l\000\040\000V\000i\000e\000w\000\040\000C\000o\000n\000t\000r\000o\000l\000l\000e\000r\000\040\000p\000a\000t\000t\000e\000r\000n}{subsection.2.6}% 34
\BOOKMARK [3][-]{subsubsection.2.6.3}{\376\377\000F\000a\000c\000a\000d\000e\000\040\000p\000a\000t\000t\000e\000r\000n}{subsection.2.6}% 35
\BOOKMARK [3][-]{subsubsection.2.6.4}{\376\377\000M\000e\000d\000i\000a\000t\000o\000r\000\040\000p\000a\000t\000t\000e\000r\000n}{subsection.2.6}% 36
\BOOKMARK [2][-]{subsection.2.7}{\376\377\000O\000t\000h\000e\000r\000\040\000d\000e\000s\000i\000g\000n\000\040\000d\000e\000c\000i\000s\000i\000o\000n\000s}{section.2}% 37
\BOOKMARK [3][-]{subsubsection.2.7.1}{\376\377\000A\000v\000a\000i\000l\000a\000b\000i\000l\000i\000t\000y}{subsection.2.7}% 38
\BOOKMARK [3][-]{subsubsection.2.7.2}{\376\377\000U\000s\000e\000r\000\040\000S\000e\000s\000s\000i\000o\000n}{subsection.2.7}% 39
\BOOKMARK [3][-]{subsubsection.2.7.3}{\376\377\000N\000o\000t\000i\000f\000i\000c\000a\000t\000i\000o\000n\000s}{subsection.2.7}% 40
\BOOKMARK [3][-]{subsubsection.2.7.4}{\376\377\000D\000a\000t\000a\000\040\000S\000t\000o\000r\000a\000g\000e}{subsection.2.7}% 41
\BOOKMARK [3][-]{subsubsection.2.7.5}{\376\377\000R\000u\000s\000t\000\040\000b\000a\000c\000k\000e\000n\000d}{subsection.2.7}% 42
\BOOKMARK [1][-]{section.3}{\376\377\000U\000s\000e\000r\000\040\000I\000n\000t\000e\000r\000f\000a\000c\000e\000\040\000D\000e\000s\000i\000g\000n}{}% 43
\BOOKMARK [1][-]{section.4}{\376\377\000R\000e\000q\000u\000i\000r\000e\000m\000e\000n\000t\000\040\000t\000r\000a\000c\000e\000a\000b\000i\000l\000i\000t\000y}{}% 44
\BOOKMARK [2][-]{subsection.4.1}{\376\377\000[\000R\0001\000]}{section.4}% 45
\BOOKMARK [2][-]{subsection.4.2}{\376\377\000[\000R\0002\000]}{section.4}% 46
\BOOKMARK [2][-]{subsection.4.3}{\376\377\000[\000R\0003\000]}{section.4}% 47
\BOOKMARK [2][-]{subsection.4.4}{\376\377\000[\000R\0004\000]}{section.4}% 48
\BOOKMARK [2][-]{subsection.4.5}{\376\377\000[\000R\0005\000]}{section.4}% 49
\BOOKMARK [2][-]{subsection.4.6}{\376\377\000[\000R\0006\000]}{section.4}% 50
\BOOKMARK [2][-]{subsection.4.7}{\376\377\000[\000R\0007\000]}{section.4}% 51
\BOOKMARK [2][-]{subsection.4.8}{\376\377\000[\000R\0008\000]}{section.4}% 52
\BOOKMARK [2][-]{subsection.4.9}{\376\377\000[\000R\0009\000]}{section.4}% 53
\BOOKMARK [2][-]{subsection.4.10}{\376\377\000[\000R\0001\0000\000]}{section.4}% 54
\BOOKMARK [2][-]{subsection.4.11}{\376\377\000[\000R\0001\0001\000]}{section.4}% 55
\BOOKMARK [2][-]{subsection.4.12}{\376\377\000[\000R\0001\0002\000]}{section.4}% 56
\BOOKMARK [2][-]{subsection.4.13}{\376\377\000[\000R\0001\0003\000]}{section.4}% 57
\BOOKMARK [2][-]{subsection.4.14}{\376\377\000[\000R\0001\0004\000]}{section.4}% 58
\BOOKMARK [2][-]{subsection.4.15}{\376\377\000[\000R\0001\0005\000]}{section.4}% 59
\BOOKMARK [2][-]{subsection.4.16}{\376\377\000[\000R\0001\0006\000]}{section.4}% 60
\BOOKMARK [2][-]{subsection.4.17}{\376\377\000[\000R\0001\0007\000]}{section.4}% 61
\BOOKMARK [2][-]{subsection.4.18}{\376\377\000[\000R\0001\0008\000]}{section.4}% 62
\BOOKMARK [2][-]{subsection.4.19}{\376\377\000[\000R\0001\0009\000]}{section.4}% 63
\BOOKMARK [2][-]{subsection.4.20}{\376\377\000[\000R\0002\0000\000]}{section.4}% 64
\BOOKMARK [2][-]{subsection.4.21}{\376\377\000[\000R\0002\0001\000]}{section.4}% 65
\BOOKMARK [2][-]{subsection.4.22}{\376\377\000[\000R\0002\0002\000]}{section.4}% 66
\BOOKMARK [2][-]{subsection.4.23}{\376\377\000[\000R\0002\0003\000]}{section.4}% 67
\BOOKMARK [2][-]{subsection.4.24}{\376\377\000[\000R\0002\0004\000]}{section.4}% 68
\BOOKMARK [2][-]{subsection.4.25}{\376\377\000[\000R\0002\0005\000]}{section.4}% 69
\BOOKMARK [2][-]{subsection.4.26}{\376\377\000[\000R\0002\0006\000]}{section.4}% 70
\BOOKMARK [2][-]{subsection.4.27}{\376\377\000[\000R\0002\0007\000]}{section.4}% 71
\BOOKMARK [2][-]{subsection.4.28}{\376\377\000[\000R\0002\0008\000]}{section.4}% 72
\BOOKMARK [2][-]{subsection.4.29}{\376\377\000[\000R\0002\0009\000]}{section.4}% 73
\BOOKMARK [2][-]{subsection.4.30}{\376\377\000[\000R\0003\0000\000]}{section.4}% 74
\BOOKMARK [2][-]{subsection.4.31}{\376\377\000[\000R\0003\0001\000]}{section.4}% 75
\BOOKMARK [2][-]{subsection.4.32}{\376\377\000[\000R\0003\0002\000]}{section.4}% 76
\BOOKMARK [2][-]{subsection.4.33}{\376\377\000[\000R\0003\0003\000]}{section.4}% 77
\BOOKMARK [2][-]{subsection.4.34}{\376\377\000[\000R\0003\0004\000]}{section.4}% 78
\BOOKMARK [2][-]{subsection.4.35}{\376\377\000[\000R\0003\0005\000]}{section.4}% 79
\BOOKMARK [2][-]{subsection.4.36}{\376\377\000[\000R\0003\0006\000]}{section.4}% 80
\BOOKMARK [2][-]{subsection.4.37}{\376\377\000[\000R\0003\0007\000]}{section.4}% 81
\BOOKMARK [2][-]{subsection.4.38}{\376\377\000[\000R\0003\0008\000]}{section.4}% 82
\BOOKMARK [2][-]{subsection.4.39}{\376\377\000[\000R\0003\0009\000]}{section.4}% 83
\BOOKMARK [2][-]{subsection.4.40}{\376\377\000[\000R\0004\0000\000]}{section.4}% 84
\BOOKMARK [2][-]{subsection.4.41}{\376\377\000[\000R\0004\0001\000]}{section.4}% 85
\BOOKMARK [1][-]{section.5}{\376\377\000I\000m\000p\000l\000e\000m\000e\000n\000t\000a\000t\000i\000o\000n\000,\000\040\000I\000n\000t\000e\000g\000r\000a\000t\000i\000o\000n\000\040\000a\000n\000d\000\040\000T\000e\000s\000t\000\040\000P\000l\000a\000n}{}% 86
\BOOKMARK [2][-]{subsection.5.1}{\376\377\000O\000v\000e\000r\000v\000i\000e\000w}{section.5}% 87
\BOOKMARK [2][-]{subsection.5.2}{\376\377\000I\000m\000p\000l\000e\000m\000e\000n\000t\000a\000t\000i\000o\000n\000\040\000p\000l\000a\000n}{section.5}% 88
\BOOKMARK [3][-]{subsubsection.5.2.1}{\376\377\000F\000i\000r\000s\000t\000\040\000r\000a\000n\000k\000:\000\040\000D\000a\000t\000a\000b\000a\000s\000e}{subsection.5.2}% 89
\BOOKMARK [3][-]{subsubsection.5.2.2}{\376\377\000S\000e\000c\000o\000n\000d\000\040\000r\000a\000n\000k\000:\000\040\000M\000o\000d\000e\000l\000\040\000a\000n\000d\000\040\000G\000i\000t\000h\000u\000b\000\040\000M\000a\000n\000a\000g\000e\000r}{subsection.5.2}% 90
\BOOKMARK [3][-]{subsubsection.5.2.3}{\376\377\000T\000h\000i\000r\000d\000\040\000r\000a\000n\000k\000:\000\040\000T\000o\000u\000r\000n\000a\000m\000e\000n\000t\000,\000\040\000A\000u\000t\000h\000e\000n\000t\000i\000c\000a\000t\000i\000o\000n\000,\000\040\000B\000a\000t\000t\000l\000e\000,\000\040\000S\000u\000b\000m\000i\000s\000s\000i\000o\000n\000\040\000e\000v\000a\000l\000u\000a\000t\000i\000o\000n\000\040\000a\000n\000d\000\040\000N\000o\000t\000i\000f\000i\000c\000a\000t\000i\000o\000n\000\040\000M\000a\000n\000a\000g\000e\000r}{subsection.5.2}% 91
\BOOKMARK [3][-]{subsubsection.5.2.4}{\376\377\000F\000o\000u\000r\000t\000h\000\040\000r\000a\000n\000k\000:\000\040\000H\000t\000t\000p\000\040\000M\000a\000n\000a\000g\000e\000r}{subsection.5.2}% 92
\BOOKMARK [3][-]{subsubsection.5.2.5}{\376\377\000F\000i\000f\000t\000h\000\040\000r\000a\000n\000k\000:\000\040\000W\000e\000b\000\040\000S\000e\000r\000v\000e\000r}{subsection.5.2}% 93
\BOOKMARK [3][-]{subsubsection.5.2.6}{\376\377\000S\000i\000x\000t\000h\000\040\000r\000a\000n\000k\000:\000\040\000C\000o\000d\000e\000K\000a\000t\000a\000\040\000W\000e\000b\000A\000p\000p}{subsection.5.2}% 94
\BOOKMARK [2][-]{subsection.5.3}{\376\377\000C\000o\000m\000p\000o\000n\000e\000n\000t\000\040\000I\000n\000t\000e\000g\000r\000a\000t\000i\000o\000n\000\040\000a\000n\000d\000\040\000T\000e\000s\000t\000i\000n\000g}{section.5}% 95
\BOOKMARK [2][-]{subsection.5.4}{\376\377\000S\000y\000s\000t\000e\000m\000\040\000t\000e\000s\000t\000i\000n\000g}{section.5}% 96
\BOOKMARK [2][-]{subsection.5.5}{\376\377\000A\000d\000d\000i\000t\000i\000o\000n\000a\000l\000\040\000s\000p\000e\000c\000i\000f\000i\000c\000a\000t\000i\000o\000n\000\040\000o\000n\000\040\000t\000e\000s\000t\000i\000n\000g}{section.5}% 97
\BOOKMARK [1][-]{section.6}{\376\377\000E\000f\000f\000o\000r\000t\000\040\000S\000p\000e\000n\000t}{}% 98
\BOOKMARK [1][-]{section.7}{\376\377\000R\000e\000f\000e\000r\000e\000n\000c\000e\000s}{}% 99
