This is pdfTeX, Version 3.141592653-2.6-1.40.25 (TeX Live 2023 - Flatpak) (preloaded format=pdflatex 2023.9.11)  1 JAN 2024 23:19
entering extended mode
 restricted \write18 enabled.
 %&-line parsing enabled.
**bozza_dd.tex
(./bozza_dd.tex
LaTeX2e <2022-11-01> patch level 1
L3 programming layer <2023-02-22>
(/app/texlive/texmf-dist/tex/latex/base/article.cls
Document Class: article 2022/07/02 v1.4n Standard LaTeX document class
(/app/texlive/texmf-dist/tex/latex/base/size10.clo
File: size10.clo 2022/07/02 v1.4n Standard LaTeX file (size option)
)
\c@part=\count185
\c@section=\count186
\c@subsection=\count187
\c@subsubsection=\count188
\c@paragraph=\count189
\c@subparagraph=\count190
\c@figure=\count191
\c@table=\count192
\abovecaptionskip=\skip48
\belowcaptionskip=\skip49
\bibindent=\dimen140
)
(/app/texlive/texmf-dist/tex/latex/graphics/graphicx.sty
Package: graphicx 2021/09/16 v1.2d Enhanced LaTeX Graphics (DPC,SPQR)

(/app/texlive/texmf-dist/tex/latex/graphics/keyval.sty
Package: keyval 2022/05/29 v1.15 key=value parser (DPC)
\KV@toks@=\toks16
)
(/app/texlive/texmf-dist/tex/latex/graphics/graphics.sty
Package: graphics 2022/03/10 v1.4e Standard LaTeX Graphics (DPC,SPQR)

(/app/texlive/texmf-dist/tex/latex/graphics/trig.sty
Package: trig 2021/08/11 v1.11 sin cos tan (DPC)
)
(/app/texlive/texmf-dist/tex/latex/graphics-cfg/graphics.cfg
File: graphics.cfg 2016/06/04 v1.11 sample graphics configuration
)
Package graphics Info: Driver file: pdftex.def on input line 107.

(/app/texlive/texmf-dist/tex/latex/graphics-def/pdftex.def
File: pdftex.def 2022/09/22 v1.2b Graphics/color driver for pdftex
))
\Gin@req@height=\dimen141
\Gin@req@width=\dimen142
)
(/app/texlive/texmf-dist/tex/latex/geometry/geometry.sty
Package: geometry 2020/01/02 v5.9 Page Geometry

(/app/texlive/texmf-dist/tex/generic/iftex/ifvtex.sty
Package: ifvtex 2019/10/25 v1.7 ifvtex legacy package. Use iftex instead.

(/app/texlive/texmf-dist/tex/generic/iftex/iftex.sty
Package: iftex 2022/02/03 v1.0f TeX engine tests
))
\Gm@cnth=\count193
\Gm@cntv=\count194
\c@Gm@tempcnt=\count195
\Gm@bindingoffset=\dimen143
\Gm@wd@mp=\dimen144
\Gm@odd@mp=\dimen145
\Gm@even@mp=\dimen146
\Gm@layoutwidth=\dimen147
\Gm@layoutheight=\dimen148
\Gm@layouthoffset=\dimen149
\Gm@layoutvoffset=\dimen150
\Gm@dimlist=\toks17
)
(/app/texlive/texmf-dist/tex/latex/caption/caption.sty
Package: caption 2023/03/12 v3.6j Customizing captions (AR)

(/app/texlive/texmf-dist/tex/latex/caption/caption3.sty
Package: caption3 2023/03/12 v2.4 caption3 kernel (AR)
\caption@tempdima=\dimen151
\captionmargin=\dimen152
\caption@leftmargin=\dimen153
\caption@rightmargin=\dimen154
\caption@width=\dimen155
\caption@indent=\dimen156
\caption@parindent=\dimen157
\caption@hangindent=\dimen158
Package caption Info: Standard document class detected.
)
\c@caption@flags=\count196
\c@continuedfloat=\count197
)
(/app/texlive/texmf-dist/tex/latex/multirow/multirow.sty
Package: multirow 2021/03/15 v2.8 Span multiple rows of a table
\multirow@colwidth=\skip50
\multirow@cntb=\count198
\multirow@dima=\skip51
\bigstrutjot=\dimen159
)
(/app/texlive/texmf-dist/tex/latex/tools/array.sty
Package: array 2022/09/04 v2.5g Tabular extension package (FMi)
\col@sep=\dimen160
\ar@mcellbox=\box51
\extrarowheight=\dimen161
\NC@list=\toks18
\extratabsurround=\skip52
\backup@length=\skip53
\ar@cellbox=\box52
)
(/app/texlive/texmf-dist/tex/latex/hyperref/hyperref.sty
Package: hyperref 2023-02-07 v7.00v Hypertext links for LaTeX

(/app/texlive/texmf-dist/tex/generic/ltxcmds/ltxcmds.sty
Package: ltxcmds 2020-05-10 v1.25 LaTeX kernel commands for general use (HO)
)
(/app/texlive/texmf-dist/tex/generic/pdftexcmds/pdftexcmds.sty
Package: pdftexcmds 2020-06-27 v0.33 Utility functions of pdfTeX for LuaTeX (HO
)

(/app/texlive/texmf-dist/tex/generic/infwarerr/infwarerr.sty
Package: infwarerr 2019/12/03 v1.5 Providing info/warning/error messages (HO)
)
Package pdftexcmds Info: \pdf@primitive is available.
Package pdftexcmds Info: \pdf@ifprimitive is available.
Package pdftexcmds Info: \pdfdraftmode found.
)
(/app/texlive/texmf-dist/tex/latex/kvsetkeys/kvsetkeys.sty
Package: kvsetkeys 2022-10-05 v1.19 Key value parser (HO)
)
(/app/texlive/texmf-dist/tex/generic/kvdefinekeys/kvdefinekeys.sty
Package: kvdefinekeys 2019-12-19 v1.6 Define keys (HO)
)
(/app/texlive/texmf-dist/tex/generic/pdfescape/pdfescape.sty
Package: pdfescape 2019/12/09 v1.15 Implements pdfTeX's escape features (HO)
)
(/app/texlive/texmf-dist/tex/latex/hycolor/hycolor.sty
Package: hycolor 2020-01-27 v1.10 Color options for hyperref/bookmark (HO)
)
(/app/texlive/texmf-dist/tex/latex/letltxmacro/letltxmacro.sty
Package: letltxmacro 2019/12/03 v1.6 Let assignment for LaTeX macros (HO)
)
(/app/texlive/texmf-dist/tex/latex/auxhook/auxhook.sty
Package: auxhook 2019-12-17 v1.6 Hooks for auxiliary files (HO)
)
(/app/texlive/texmf-dist/tex/latex/hyperref/nameref.sty
Package: nameref 2022-05-17 v2.50 Cross-referencing by name of section

(/app/texlive/texmf-dist/tex/latex/refcount/refcount.sty
Package: refcount 2019/12/15 v3.6 Data extraction from label references (HO)
)
(/app/texlive/texmf-dist/tex/generic/gettitlestring/gettitlestring.sty
Package: gettitlestring 2019/12/15 v1.6 Cleanup title references (HO)

(/app/texlive/texmf-dist/tex/latex/kvoptions/kvoptions.sty
Package: kvoptions 2022-06-15 v3.15 Key value format for package options (HO)
))
\c@section@level=\count199
)
\@linkdim=\dimen162
\Hy@linkcounter=\count266
\Hy@pagecounter=\count267

(/app/texlive/texmf-dist/tex/latex/hyperref/pd1enc.def
File: pd1enc.def 2023-02-07 v7.00v Hyperref: PDFDocEncoding definition (HO)
Now handling font encoding PD1 ...
... no UTF-8 mapping file for font encoding PD1
)
(/app/texlive/texmf-dist/tex/generic/intcalc/intcalc.sty
Package: intcalc 2019/12/15 v1.3 Expandable calculations with integers (HO)
)
(/app/texlive/texmf-dist/tex/generic/etexcmds/etexcmds.sty
Package: etexcmds 2019/12/15 v1.7 Avoid name clashes with e-TeX commands (HO)
)
\Hy@SavedSpaceFactor=\count268

(/app/texlive/texmf-dist/tex/latex/hyperref/puenc.def
File: puenc.def 2023-02-07 v7.00v Hyperref: PDF Unicode definition (HO)
Now handling font encoding PU ...
... no UTF-8 mapping file for font encoding PU
)
Package hyperref Info: Hyper figures OFF on input line 4177.
Package hyperref Info: Link nesting OFF on input line 4182.
Package hyperref Info: Hyper index ON on input line 4185.
Package hyperref Info: Plain pages OFF on input line 4192.
Package hyperref Info: Backreferencing OFF on input line 4197.
Package hyperref Info: Implicit mode ON; LaTeX internals redefined.
Package hyperref Info: Bookmarks ON on input line 4425.
\c@Hy@tempcnt=\count269

(/app/texlive/texmf-dist/tex/latex/url/url.sty
\Urlmuskip=\muskip16
Package: url 2013/09/16  ver 3.4  Verb mode for urls, etc.
)
LaTeX Info: Redefining \url on input line 4763.
\XeTeXLinkMargin=\dimen163

(/app/texlive/texmf-dist/tex/generic/bitset/bitset.sty
Package: bitset 2019/12/09 v1.3 Handle bit-vector datatype (HO)

(/app/texlive/texmf-dist/tex/generic/bigintcalc/bigintcalc.sty
Package: bigintcalc 2019/12/15 v1.5 Expandable calculations on big integers (HO
)
))
\Fld@menulength=\count270
\Field@Width=\dimen164
\Fld@charsize=\dimen165
Package hyperref Info: Hyper figures OFF on input line 6042.
Package hyperref Info: Link nesting OFF on input line 6047.
Package hyperref Info: Hyper index ON on input line 6050.
Package hyperref Info: backreferencing OFF on input line 6057.
Package hyperref Info: Link coloring OFF on input line 6062.
Package hyperref Info: Link coloring with OCG OFF on input line 6067.
Package hyperref Info: PDF/A mode OFF on input line 6072.

(/app/texlive/texmf-dist/tex/latex/base/atbegshi-ltx.sty
Package: atbegshi-ltx 2021/01/10 v1.0c Emulation of the original atbegshi
package with kernel methods
)
\Hy@abspage=\count271
\c@Item=\count272
\c@Hfootnote=\count273
)
Package hyperref Info: Driver (autodetected): hpdftex.

(/app/texlive/texmf-dist/tex/latex/hyperref/hpdftex.def
File: hpdftex.def 2023-02-07 v7.00v Hyperref driver for pdfTeX

(/app/texlive/texmf-dist/tex/latex/base/atveryend-ltx.sty
Package: atveryend-ltx 2020/08/19 v1.0a Emulation of the original atveryend pac
kage
with kernel methods
)
\Fld@listcount=\count274
\c@bookmark@seq@number=\count275

(/app/texlive/texmf-dist/tex/latex/rerunfilecheck/rerunfilecheck.sty
Package: rerunfilecheck 2022-07-10 v1.10 Rerun checks for auxiliary files (HO)

(/app/texlive/texmf-dist/tex/generic/uniquecounter/uniquecounter.sty
Package: uniquecounter 2019/12/15 v1.4 Provide unlimited unique counter (HO)
)
Package uniquecounter Info: New unique counter `rerunfilecheck' on input line 2
85.
)
\Hy@SectionHShift=\skip54
)
(/app/texlive/texmf-dist/tex/latex/listings/listings.sty
\lst@mode=\count276
\lst@gtempboxa=\box53
\lst@token=\toks19
\lst@length=\count277
\lst@currlwidth=\dimen166
\lst@column=\count278
\lst@pos=\count279
\lst@lostspace=\dimen167
\lst@width=\dimen168
\lst@newlines=\count280
\lst@lineno=\count281
\lst@maxwidth=\dimen169

(/app/texlive/texmf-dist/tex/latex/listings/lstmisc.sty
File: lstmisc.sty 2023/02/27 1.9 (Carsten Heinz)
\c@lstnumber=\count282
\lst@skipnumbers=\count283
\lst@framebox=\box54
)
(/app/texlive/texmf-dist/tex/latex/listings/listings.cfg
File: listings.cfg 2023/02/27 1.9 listings configuration
))
Package: listings 2023/02/27 1.9 (Carsten Heinz)

(/app/texlive/texmf-dist/tex/latex/l3backend/l3backend-pdftex.def
File: l3backend-pdftex.def 2023-01-16 L3 backend support: PDF output (pdfTeX)
\l__color_backend_stack_int=\count284
\l__pdf_internal_box=\box55
)
(./bozza_dd.aux)
\openout1 = `bozza_dd.aux'.

LaTeX Font Info:    Checking defaults for OML/cmm/m/it on input line 18.
LaTeX Font Info:    ... okay on input line 18.
LaTeX Font Info:    Checking defaults for OMS/cmsy/m/n on input line 18.
LaTeX Font Info:    ... okay on input line 18.
LaTeX Font Info:    Checking defaults for OT1/cmr/m/n on input line 18.
LaTeX Font Info:    ... okay on input line 18.
LaTeX Font Info:    Checking defaults for T1/cmr/m/n on input line 18.
LaTeX Font Info:    ... okay on input line 18.
LaTeX Font Info:    Checking defaults for TS1/cmr/m/n on input line 18.
LaTeX Font Info:    ... okay on input line 18.
LaTeX Font Info:    Checking defaults for OMX/cmex/m/n on input line 18.
LaTeX Font Info:    ... okay on input line 18.
LaTeX Font Info:    Checking defaults for U/cmr/m/n on input line 18.
LaTeX Font Info:    ... okay on input line 18.
LaTeX Font Info:    Checking defaults for PD1/pdf/m/n on input line 18.
LaTeX Font Info:    ... okay on input line 18.
LaTeX Font Info:    Checking defaults for PU/pdf/m/n on input line 18.
LaTeX Font Info:    ... okay on input line 18.
 (/app/texlive/texmf-dist/tex/context/base/mkii/supp-pdf.mkii
[Loading MPS to PDF converter (version 2006.09.02).]
\scratchcounter=\count285
\scratchdimen=\dimen170
\scratchbox=\box56
\nofMPsegments=\count286
\nofMParguments=\count287
\everyMPshowfont=\toks20
\MPscratchCnt=\count288
\MPscratchDim=\dimen171
\MPnumerator=\count289
\makeMPintoPDFobject=\count290
\everyMPtoPDFconversion=\toks21
) (/app/texlive/texmf-dist/tex/latex/epstopdf-pkg/epstopdf-base.sty
Package: epstopdf-base 2020-01-24 v2.11 Base part for package epstopdf
Package epstopdf-base Info: Redefining graphics rule for `.eps' on input line 4
85.

(/app/texlive/texmf-dist/tex/latex/latexconfig/epstopdf-sys.cfg
File: epstopdf-sys.cfg 2010/07/13 v1.3 Configuration of (r)epstopdf for TeX Liv
e
))
*geometry* driver: auto-detecting
*geometry* detected driver: pdftex
*geometry* verbose mode - [ preamble ] result:
* driver: pdftex
* paper: <default>
* layout: <same size as paper>
* layoutoffset:(h,v)=(0.0pt,0.0pt)
* modes: 
* h-part:(L,W,R)=(72.26999pt, 469.75502pt, 72.26999pt)
* v-part:(T,H,B)=(72.26999pt, 650.43001pt, 72.26999pt)
* \paperwidth=614.295pt
* \paperheight=794.96999pt
* \textwidth=469.75502pt
* \textheight=650.43001pt
* \oddsidemargin=0.0pt
* \evensidemargin=0.0pt
* \topmargin=-37.0pt
* \headheight=12.0pt
* \headsep=25.0pt
* \topskip=10.0pt
* \footskip=30.0pt
* \marginparwidth=65.0pt
* \marginparsep=11.0pt
* \columnsep=10.0pt
* \skip\footins=9.0pt plus 4.0pt minus 2.0pt
* \hoffset=0.0pt
* \voffset=0.0pt
* \mag=1000
* \@twocolumnfalse
* \@twosidefalse
* \@mparswitchfalse
* \@reversemarginfalse
* (1in=72.27pt=25.4mm, 1cm=28.453pt)

Package caption Info: Begin \AtBeginDocument code.
Package caption Info: hyperref package is loaded.
Package caption Info: listings package is loaded.
Package caption Info: End \AtBeginDocument code.
Package hyperref Info: Link coloring OFF on input line 18.
(./bozza_dd.out) (./bozza_dd.out)
\@outlinefile=\write3
\openout3 = `bozza_dd.out'.

\c@lstlisting=\count291
LaTeX Font Info:    External font `cmex10' loaded for size
(Font)              <12> on input line 20.
LaTeX Font Info:    External font `cmex10' loaded for size
(Font)              <8> on input line 20.
LaTeX Font Info:    External font `cmex10' loaded for size
(Font)              <6> on input line 20.
 (./bozza_dd.toc
LaTeX Font Info:    External font `cmex10' loaded for size
(Font)              <7> on input line 2.
LaTeX Font Info:    External font `cmex10' loaded for size
(Font)              <5> on input line 2.
 [1

{/app/texlive/texmf-dist/fonts/map/pdftex/updmap/pdftex.map}] [2])
\tf@toc=\write4
\openout4 = `bozza_dd.toc'.

 [3]
Underfull \hbox (badness 10000) in paragraph at lines 29--42

 []


Underfull \hbox (badness 10000) in paragraph at lines 29--42

 []


Underfull \hbox (badness 10000) in paragraph at lines 29--42

 []


Underfull \hbox (badness 10000) in paragraph at lines 29--42

 []


Underfull \hbox (badness 10000) in paragraph at lines 29--42

 []

[4{/app/texlive/texmf-dist/fonts/enc/dvips/cm-super/cm-super-ts1.enc}]
Underfull \hbox (badness 10000) in paragraph at lines 91--92

 []

[5] [6]
<./images/hlv1.png, id=583, 654.445pt x 201.75375pt>
File: ./images/hlv1.png Graphic file (type png)
<use ./images/hlv1.png>
Package pdftex.def Info: ./images/hlv1.png  used on input line 134.
(pdftex.def)             Requested size: 469.75502pt x 144.8162pt.


Package caption Warning: The option `hypcap=true' will be ignored for this
(caption)                particular \caption on input line 135.
See the caption package documentation for explanation.


Underfull \hbox (badness 10000) in paragraph at lines 139--147

 []


Underfull \hbox (badness 10000) in paragraph at lines 139--147

 []


Underfull \hbox (badness 10000) in paragraph at lines 139--147

 []

<./images/hlv2.png, id=585, 709.65125pt x 325.215pt>
File: ./images/hlv2.png Graphic file (type png)
<use ./images/hlv2.png>
Package pdftex.def Info: ./images/hlv2.png  used on input line 148.
(pdftex.def)             Requested size: 469.75502pt x 215.2827pt.

Package caption Warning: The option `hypcap=true' will be ignored for this
(caption)                particular \caption on input line 149.
See the caption package documentation for explanation.

[7 <./images/hlv1.png>]
Underfull \hbox (badness 10000) in paragraph at lines 157--160

 []

[8 <./images/hlv2.png>]
<./images/cv3.jpg, id=599, 685.05937pt x 1484.54625pt>
File: ./images/cv3.jpg Graphic file (type jpg)
<use ./images/cv3.jpg>
Package pdftex.def Info: ./images/cv3.jpg  used on input line 162.
(pdftex.def)             Requested size: 281.85587pt x 610.79723pt.


Package caption Warning: The option `hypcap=true' will be ignored for this
(caption)                particular \caption on input line 163.
See the caption package documentation for explanation.

[9 <./images/cv3.jpg>] [10]
<./images/dv.jpg, id=609, 1310.8975pt x 1551.7975pt>
File: ./images/dv.jpg Graphic file (type jpg)
<use ./images/dv.jpg>
Package pdftex.def Info: ./images/dv.jpg  used on input line 191.
(pdftex.def)             Requested size: 422.77664pt x 500.46863pt.


Package caption Warning: The option `hypcap=true' will be ignored for this
(caption)                particular \caption on input line 192.
See the caption package documentation for explanation.

[11 <./images/dv.jpg>] [12]
<./images/uc1.jpg, id=620, 1680.2775pt x 1037.8775pt>
File: ./images/uc1.jpg Graphic file (type jpg)
<use ./images/uc1.jpg>
Package pdftex.def Info: ./images/uc1.jpg  used on input line 207.
(pdftex.def)             Requested size: 1680.27342pt x 1037.87498pt.


Package caption Warning: The option `hypcap=true' will be ignored for this
(caption)                particular \caption on input line 208.
See the caption package documentation for explanation.

[13 <./images/uc1.jpg>]
<./images/uc2.jpg, id=627, 1856.9375pt x 1053.9375pt>
File: ./images/uc2.jpg Graphic file (type jpg)
<use ./images/uc2.jpg>
Package pdftex.def Info: ./images/uc2.jpg  used on input line 214.
(pdftex.def)             Requested size: 1856.93298pt x 1053.93494pt.


Package caption Warning: The option `hypcap=true' will be ignored for this
(caption)                particular \caption on input line 215.
See the caption package documentation for explanation.

[14 <./images/uc2.jpg>]
<./images/uc3.jpg, id=633, 1961.3275pt x 1277.77374pt>
File: ./images/uc3.jpg Graphic file (type jpg)
<use ./images/uc3.jpg>
Package pdftex.def Info: ./images/uc3.jpg  used on input line 221.
(pdftex.def)             Requested size: 1961.32272pt x 1277.77063pt.


Package caption Warning: The option `hypcap=true' will be ignored for this
(caption)                particular \caption on input line 222.
See the caption package documentation for explanation.

[15 <./images/uc3.jpg>]
<./images/uc4.jpg, id=639, 2507.3675pt x 1246.6575pt>
File: ./images/uc4.jpg Graphic file (type jpg)
<use ./images/uc4.jpg>
Package pdftex.def Info: ./images/uc4.jpg  used on input line 228.
(pdftex.def)             Requested size: 2507.36139pt x 1246.65446pt.


Package caption Warning: The option `hypcap=true' will be ignored for this
(caption)                particular \caption on input line 229.
See the caption package documentation for explanation.

[16 <./images/uc4.jpg>]
<./images/uc5.jpg, id=645, 1616.0375pt x 652.4375pt>
File: ./images/uc5.jpg Graphic file (type jpg)
<use ./images/uc5.jpg>
Package pdftex.def Info: ./images/uc5.jpg  used on input line 235.
(pdftex.def)             Requested size: 1616.03357pt x 652.4359pt.


Package caption Warning: The option `hypcap=true' will be ignored for this
(caption)                particular \caption on input line 236.
See the caption package documentation for explanation.

[17 <./images/uc5.jpg>]
<./images/uc6.jpg, id=651, 1616.0375pt x 652.4375pt>
File: ./images/uc6.jpg Graphic file (type jpg)
<use ./images/uc6.jpg>
Package pdftex.def Info: ./images/uc6.jpg  used on input line 242.
(pdftex.def)             Requested size: 1616.03357pt x 652.4359pt.


Package caption Warning: The option `hypcap=true' will be ignored for this
(caption)                particular \caption on input line 243.
See the caption package documentation for explanation.

[18 <./images/uc6.jpg>]
<./images/uc7.jpg, id=657, 1639.62563pt x 541.27219pt>
File: ./images/uc7.jpg Graphic file (type jpg)
<use ./images/uc7.jpg>
Package pdftex.def Info: ./images/uc7.jpg  used on input line 249.
(pdftex.def)             Requested size: 1639.62163pt x 541.27086pt.


Package caption Warning: The option `hypcap=true' will be ignored for this
(caption)                particular \caption on input line 250.
See the caption package documentation for explanation.

[19 <./images/uc7.jpg>]
<./images/uc8.jpg, id=664, 1645.64813pt x 1037.37563pt>
File: ./images/uc8.jpg Graphic file (type jpg)
<use ./images/uc8.jpg>
Package pdftex.def Info: ./images/uc8.jpg  used on input line 256.
(pdftex.def)             Requested size: 1645.64413pt x 1037.3731pt.


Package caption Warning: The option `hypcap=true' will be ignored for this
(caption)                particular \caption on input line 257.
See the caption package documentation for explanation.

[20 <./images/uc8.jpg>]
<./images/uc9.jpg, id=670, 1513.15312pt x 818.30719pt>
File: ./images/uc9.jpg Graphic file (type jpg)
<use ./images/uc9.jpg>
Package pdftex.def Info: ./images/uc9.jpg  used on input line 263.
(pdftex.def)             Requested size: 1513.14944pt x 818.30519pt.


Package caption Warning: The option `hypcap=true' will be ignored for this
(caption)                particular \caption on input line 264.
See the caption package documentation for explanation.

[21 <./images/uc9.jpg>]
<./images/uc10.jpg, id=676, 1260.20813pt x 362.85562pt>
File: ./images/uc10.jpg Graphic file (type jpg)
<use ./images/uc10.jpg>
Package pdftex.def Info: ./images/uc10.jpg  used on input line 270.
(pdftex.def)             Requested size: 1260.20506pt x 362.85474pt.


Package caption Warning: The option `hypcap=true' will be ignored for this
(caption)                particular \caption on input line 271.
See the caption package documentation for explanation.

[22 <./images/uc10.jpg>]
<./images/uc11.jpg, id=682, 1748.03062pt x 578.91281pt>
File: ./images/uc11.jpg Graphic file (type jpg)
<use ./images/uc11.jpg>
Package pdftex.def Info: ./images/uc11.jpg  used on input line 277.
(pdftex.def)             Requested size: 1748.02638pt x 578.91139pt.


Package caption Warning: The option `hypcap=true' will be ignored for this
(caption)                particular \caption on input line 278.
See the caption package documentation for explanation.

[23 <./images/uc11.jpg>]
<./images/uc12.jpg, id=688, 826.58812pt x 773.89125pt>
File: ./images/uc12.jpg Graphic file (type jpg)
<use ./images/uc12.jpg>
Package pdftex.def Info: ./images/uc12.jpg  used on input line 284.
(pdftex.def)             Requested size: 826.58609pt x 773.88936pt.


Package caption Warning: The option `hypcap=true' will be ignored for this
(caption)                particular \caption on input line 285.
See the caption package documentation for explanation.

[24 <./images/uc12.jpg>]
<./images/uc13.jpg, id=694, 1464.97313pt x 615.80063pt>
File: ./images/uc13.jpg Graphic file (type jpg)
<use ./images/uc13.jpg>
Package pdftex.def Info: ./images/uc13.jpg  used on input line 291.
(pdftex.def)             Requested size: 1464.96956pt x 615.79912pt.


Package caption Warning: The option `hypcap=true' will be ignored for this
(caption)                particular \caption on input line 292.
See the caption package documentation for explanation.

[25 <./images/uc13.jpg>]
Underfull \hbox (badness 10000) in paragraph at lines 302--389

 []


Underfull \hbox (badness 10000) in paragraph at lines 302--389

 []


Underfull \hbox (badness 10000) in paragraph at lines 302--389

 []


Underfull \hbox (badness 10000) in paragraph at lines 302--389

 []


Underfull \hbox (badness 10000) in paragraph at lines 302--389

 []


Underfull \hbox (badness 10000) in paragraph at lines 302--389

 []


Underfull \hbox (badness 10000) in paragraph at lines 302--389

 []


Underfull \hbox (badness 10000) in paragraph at lines 302--389

 []


Underfull \hbox (badness 10000) in paragraph at lines 302--389

 []


Underfull \hbox (badness 10000) in paragraph at lines 302--389

 []


Underfull \hbox (badness 10000) in paragraph at lines 302--389

 []


Underfull \hbox (badness 10000) in paragraph at lines 302--389

 []


Underfull \hbox (badness 10000) in paragraph at lines 302--389

 []


Underfull \hbox (badness 10000) in paragraph at lines 302--389

 []


Underfull \hbox (badness 10000) in paragraph at lines 302--389

 []


Underfull \hbox (badness 10000) in paragraph at lines 302--389

 []


Underfull \hbox (badness 10000) in paragraph at lines 302--389

 []


Underfull \hbox (badness 10000) in paragraph at lines 302--389

 []

[26]
Underfull \hbox (badness 10000) in paragraph at lines 391--478

 []


Underfull \hbox (badness 10000) in paragraph at lines 391--478

 []


Underfull \hbox (badness 10000) in paragraph at lines 391--478

 []


Underfull \hbox (badness 10000) in paragraph at lines 391--478

 []


Underfull \hbox (badness 10000) in paragraph at lines 391--478

 []


Underfull \hbox (badness 10000) in paragraph at lines 391--478

 []


Underfull \hbox (badness 10000) in paragraph at lines 391--478

 []


Underfull \hbox (badness 10000) in paragraph at lines 391--478

 []


Underfull \hbox (badness 10000) in paragraph at lines 391--478

 []


Underfull \hbox (badness 10000) in paragraph at lines 391--478

 []


Underfull \hbox (badness 10000) in paragraph at lines 391--478

 []


Underfull \hbox (badness 10000) in paragraph at lines 391--478

 []


Underfull \hbox (badness 10000) in paragraph at lines 391--478

 []


Underfull \hbox (badness 10000) in paragraph at lines 391--478

 []


Underfull \hbox (badness 10000) in paragraph at lines 391--478

 []


Underfull \hbox (badness 10000) in paragraph at lines 391--478

 []


Underfull \hbox (badness 10000) in paragraph at lines 391--478

 []


Underfull \hbox (badness 10000) in paragraph at lines 391--478

 []

[27] [28]
Underfull \hbox (badness 10000) in paragraph at lines 480--511

 []


Underfull \hbox (badness 10000) in paragraph at lines 480--511

 []


Underfull \hbox (badness 10000) in paragraph at lines 480--511

 []


Underfull \hbox (badness 10000) in paragraph at lines 480--511

 []


Underfull \hbox (badness 10000) in paragraph at lines 480--511

 []


Underfull \hbox (badness 10000) in paragraph at lines 480--511

 []


Underfull \hbox (badness 10000) in paragraph at lines 480--511

 []

[29]
Underfull \hbox (badness 10000) in paragraph at lines 513--565

 []


Underfull \hbox (badness 10000) in paragraph at lines 513--565

 []


Underfull \hbox (badness 10000) in paragraph at lines 513--565

 []


Underfull \hbox (badness 10000) in paragraph at lines 513--565

 []


Underfull \hbox (badness 10000) in paragraph at lines 513--565

 []


Underfull \hbox (badness 10000) in paragraph at lines 513--565

 []


Underfull \hbox (badness 10000) in paragraph at lines 513--565

 []


Underfull \hbox (badness 10000) in paragraph at lines 513--565

 []


Underfull \hbox (badness 10000) in paragraph at lines 513--565

 []


Underfull \hbox (badness 10000) in paragraph at lines 513--565

 []

[30]
Underfull \hbox (badness 10000) in paragraph at lines 567--751

 []


Underfull \hbox (badness 10000) in paragraph at lines 567--751

 []


Underfull \hbox (badness 10000) in paragraph at lines 567--751

 []


Underfull \hbox (badness 10000) in paragraph at lines 567--751

 []


Underfull \hbox (badness 10000) in paragraph at lines 567--751

 []


Underfull \hbox (badness 10000) in paragraph at lines 567--751

 []


Underfull \hbox (badness 10000) in paragraph at lines 567--751

 []


Underfull \hbox (badness 10000) in paragraph at lines 567--751

 []


Underfull \hbox (badness 10000) in paragraph at lines 567--751

 []


Underfull \hbox (badness 10000) in paragraph at lines 567--751

 []


Underfull \hbox (badness 10000) in paragraph at lines 567--751

 []


Underfull \hbox (badness 10000) in paragraph at lines 567--751

 []


Underfull \hbox (badness 10000) in paragraph at lines 567--751

 []


Underfull \hbox (badness 10000) in paragraph at lines 567--751

 []


Underfull \hbox (badness 10000) in paragraph at lines 567--751

 []


Underfull \hbox (badness 10000) in paragraph at lines 567--751

 []


Underfull \hbox (badness 10000) in paragraph at lines 567--751

 []


Underfull \hbox (badness 10000) in paragraph at lines 567--751

 []


Underfull \hbox (badness 10000) in paragraph at lines 567--751

 []


Underfull \hbox (badness 10000) in paragraph at lines 567--751

 []


Underfull \hbox (badness 10000) in paragraph at lines 567--751

 []


Underfull \hbox (badness 10000) in paragraph at lines 567--751

 []


Underfull \hbox (badness 10000) in paragraph at lines 567--751

 []


Underfull \hbox (badness 10000) in paragraph at lines 567--751

 []


Underfull \hbox (badness 10000) in paragraph at lines 567--751

 []


Underfull \hbox (badness 10000) in paragraph at lines 567--751

 []


Underfull \hbox (badness 10000) in paragraph at lines 567--751

 []


Underfull \hbox (badness 10000) in paragraph at lines 567--751

 []


Underfull \hbox (badness 10000) in paragraph at lines 567--751

 []


Underfull \hbox (badness 10000) in paragraph at lines 567--751

 []


Underfull \hbox (badness 10000) in paragraph at lines 567--751

 []


Underfull \hbox (badness 10000) in paragraph at lines 567--751

 []


Underfull \hbox (badness 10000) in paragraph at lines 567--751

 []


Underfull \hbox (badness 10000) in paragraph at lines 567--751

 []


Underfull \hbox (badness 10000) in paragraph at lines 567--751

 []


Underfull \hbox (badness 10000) in paragraph at lines 567--751

 []

[31] [32] [33]
Overfull \hbox (10.41702pt too wide) in paragraph at lines 753--927
\OT1/cmr/m/n/10 All database api call re-fer to pre-pared state-ments in the SQ
L database \OT1/cmr/bx/n/10 cre-ate-Tour-na-ment(tournamentInfo) 
 []


Underfull \hbox (badness 10000) in paragraph at lines 753--927

 []


Underfull \hbox (badness 10000) in paragraph at lines 753--927

 []


Underfull \hbox (badness 10000) in paragraph at lines 753--927

 []


Underfull \hbox (badness 10000) in paragraph at lines 753--927

 []


Underfull \hbox (badness 10000) in paragraph at lines 753--927

 []


Underfull \hbox (badness 10000) in paragraph at lines 753--927

 []


Underfull \hbox (badness 10000) in paragraph at lines 753--927

 []


Underfull \hbox (badness 10000) in paragraph at lines 753--927

 []


Underfull \hbox (badness 10000) in paragraph at lines 753--927

 []


Underfull \hbox (badness 10000) in paragraph at lines 753--927

 []


Underfull \hbox (badness 10000) in paragraph at lines 753--927

 []


Underfull \hbox (badness 10000) in paragraph at lines 753--927

 []


Underfull \hbox (badness 10000) in paragraph at lines 753--927

 []


Underfull \hbox (badness 10000) in paragraph at lines 753--927

 []


Underfull \hbox (badness 10000) in paragraph at lines 753--927

 []


Underfull \hbox (badness 10000) in paragraph at lines 753--927

 []


Underfull \hbox (badness 10000) in paragraph at lines 753--927

 []


Underfull \hbox (badness 10000) in paragraph at lines 753--927

 []


Underfull \hbox (badness 10000) in paragraph at lines 753--927

 []


Underfull \hbox (badness 10000) in paragraph at lines 753--927

 []


Underfull \hbox (badness 10000) in paragraph at lines 753--927

 []


Underfull \hbox (badness 10000) in paragraph at lines 753--927

 []


Underfull \hbox (badness 10000) in paragraph at lines 753--927

 []


Underfull \hbox (badness 10000) in paragraph at lines 753--927

 []


Underfull \hbox (badness 10000) in paragraph at lines 753--927

 []


Underfull \hbox (badness 10000) in paragraph at lines 753--927

 []


Underfull \hbox (badness 10000) in paragraph at lines 753--927

 []


Underfull \hbox (badness 10000) in paragraph at lines 753--927

 []


Underfull \hbox (badness 10000) in paragraph at lines 753--927

 []


Underfull \hbox (badness 10000) in paragraph at lines 753--927

 []


Underfull \hbox (badness 10000) in paragraph at lines 753--927

 []


Underfull \hbox (badness 10000) in paragraph at lines 753--927

 []


Underfull \hbox (badness 10000) in paragraph at lines 753--927

 []

[34] [35] [36]
Underfull \hbox (badness 10000) in paragraph at lines 929--958

 []


Underfull \hbox (badness 10000) in paragraph at lines 929--958

 []


Underfull \hbox (badness 10000) in paragraph at lines 929--958

 []


Underfull \hbox (badness 10000) in paragraph at lines 929--958

 []


Underfull \hbox (badness 10000) in paragraph at lines 929--958

 []

[37]
Underfull \hbox (badness 10000) in paragraph at lines 960--998

 []


Underfull \hbox (badness 10000) in paragraph at lines 960--998

 []


Underfull \hbox (badness 10000) in paragraph at lines 960--998

 []


Underfull \hbox (badness 10000) in paragraph at lines 960--998

 []


Underfull \hbox (badness 10000) in paragraph at lines 960--998

 []


Underfull \hbox (badness 10000) in paragraph at lines 960--998

 []


Underfull \hbox (badness 10000) in paragraph at lines 960--998

 []


Underfull \hbox (badness 10000) in paragraph at lines 960--998

 []

[38]
Underfull \hbox (badness 10000) in paragraph at lines 1000--1016

 []


Underfull \hbox (badness 10000) in paragraph at lines 1000--1016

 []


Underfull \hbox (badness 10000) in paragraph at lines 1000--1016

 []


Underfull \hbox (badness 10000) in paragraph at lines 1018--1022

 []

[39] [40] [41]
<./images/mok1.png, id=769, 1186.4325pt x 782.925pt>
File: ./images/mok1.png Graphic file (type png)
<use ./images/mok1.png>
Package pdftex.def Info: ./images/mok1.png  used on input line 1073.
(pdftex.def)             Requested size: 469.75502pt x 309.9867pt.


Package caption Warning: The option `hypcap=true' will be ignored for this
(caption)                particular \caption on input line 1074.
See the caption package documentation for explanation.

<./images/mok2.png, id=770, 1021.8175pt x 673.51625pt>
File: ./images/mok2.png Graphic file (type png)
<use ./images/mok2.png>
Package pdftex.def Info: ./images/mok2.png  used on input line 1079.
(pdftex.def)             Requested size: 469.75502pt x 309.62596pt.

Package caption Warning: The option `hypcap=true' will be ignored for this
(caption)                particular \caption on input line 1080.
See the caption package documentation for explanation.

[42 <./images/mok1.png>]
<./images/mok3.png, id=777, 1169.36874pt x 773.89125pt>
File: ./images/mok3.png Graphic file (type png)
<use ./images/mok3.png>
Package pdftex.def Info: ./images/mok3.png  used on input line 1085.
(pdftex.def)             Requested size: 469.75502pt x 310.88539pt.


Package caption Warning: The option `hypcap=true' will be ignored for this
(caption)                particular \caption on input line 1086.
See the caption package documentation for explanation.

[43 <./images/mok2.png> <./images/mok3.png>]
<./images/mok4.png, id=786, 1172.38pt x 769.87625pt>
File: ./images/mok4.png Graphic file (type png)
<use ./images/mok4.png>
Package pdftex.def Info: ./images/mok4.png  used on input line 1091.
(pdftex.def)             Requested size: 469.75502pt x 308.47368pt.


Package caption Warning: The option `hypcap=true' will be ignored for this
(caption)                particular \caption on input line 1092.
See the caption package documentation for explanation.

[44 <./images/mok4.png>] [45] [46] [47] [48] [49] [50] [51] [52] [53] [54]
[55]
Underfull \hbox (badness 10000) in paragraph at lines 1511--1512

 []


Underfull \hbox (badness 10000) in paragraph at lines 1535--1537

 []


Underfull \hbox (badness 10000) in paragraph at lines 1535--1537

 []

[56]
Underfull \hbox (badness 10000) in paragraph at lines 1538--1539

 []

<./images/its1.png, id=853, 335.2525pt x 180.675pt>
File: ./images/its1.png Graphic file (type png)
<use ./images/its1.png>
Package pdftex.def Info: ./images/its1.png  used on input line 1541.
(pdftex.def)             Requested size: 140.92793pt x 75.94914pt.

Package caption Warning: The option `hypcap=true' will be ignored for this
(caption)                particular \caption on input line 1542.
See the caption package documentation for explanation.

<./images/its2.png, id=854, 1116.17pt x 417.56pt>
File: ./images/its2.png Graphic file (type png)
<use ./images/its2.png>
Package pdftex.def Info: ./images/its2.png  used on input line 1547.
(pdftex.def)             Requested size: 469.75502pt x 175.73717pt.

Package caption Warning: The option `hypcap=true' will be ignored for this
(caption)                particular \caption on input line 1548.
See the caption package documentation for explanation.

<./images/its3.png, id=855, 1116.17pt x 593.21625pt>
File: ./images/its3.png Graphic file (type png)
<use ./images/its3.png>
Package pdftex.def Info: ./images/its3.png  used on input line 1553.
(pdftex.def)             Requested size: 469.75502pt x 249.66507pt.

Package caption Warning: The option `hypcap=true' will be ignored for this
(caption)                particular \caption on input line 1554.
See the caption package documentation for explanation.

[57 <./images/its1.png (PNG copy)> <./images/its2.png (PNG copy)>]
<./images/its4.png, id=862, 1116.17pt x 768.8725pt>
File: ./images/its4.png Graphic file (type png)
<use ./images/its4.png>
Package pdftex.def Info: ./images/its4.png  used on input line 1559.
(pdftex.def)             Requested size: 469.75502pt x 323.59297pt.


Package caption Warning: The option `hypcap=true' will be ignored for this
(caption)                particular \caption on input line 1560.
See the caption package documentation for explanation.

<./images/its5.png, id=863, 1116.17pt x 944.52875pt>
File: ./images/its5.png Graphic file (type png)
<use ./images/its5.png>
Package pdftex.def Info: ./images/its5.png  used on input line 1565.
(pdftex.def)             Requested size: 469.75502pt x 397.52087pt.

Package caption Warning: The option `hypcap=true' will be ignored for this
(caption)                particular \caption on input line 1566.
See the caption package documentation for explanation.

[58 <./images/its3.png (PNG copy)> <./images/its4.png (PNG copy)>] [59 <./image
s/its5.png (PNG copy)>] [60] [61] [62] (./bozza_dd.aux)
Package rerunfilecheck Info: File `bozza_dd.out' has not changed.
(rerunfilecheck)             Checksum: 968A19930E993C9D3E631C9DBA5A6CCB;14214.
 ) 
Here is how much of TeX's memory you used:
 11997 strings out of 476025
 192489 string characters out of 5791510
 1873388 words of memory out of 5000000
 32101 multiletter control sequences out of 15000+600000
 517223 words of font info for 48 fonts, out of 8000000 for 9000
 1141 hyphenation exceptions out of 8191
 75i,6n,76p,758b,635s stack positions out of 10000i,1000n,20000p,200000b,200000s
</app/texlive/texmf-dist/fonts/type1/public/amsfonts/cm/cmbx10.pfb></app/texl
ive/texmf-dist/fonts/type1/public/amsfonts/cm/cmbx12.pfb></app/texlive/texmf-di
st/fonts/type1/public/amsfonts/cm/cmr10.pfb></app/texlive/texmf-dist/fonts/type
1/public/amsfonts/cm/cmr12.pfb></app/texlive/texmf-dist/fonts/type1/public/amsf
onts/cm/cmr17.pfb></app/texlive/texmf-dist/fonts/type1/public/amsfonts/cm/cmti1
0.pfb></app/texlive/texmf-dist/fonts/type1/public/cm-super/sfrm1000.pfb>
Output written on bozza_dd.pdf (62 pages, 3099806 bytes).
PDF statistics:
 968 PDF objects out of 1000 (max. 8388607)
 849 compressed objects within 9 object streams
 210 named destinations out of 1000 (max. 500000)
 987 words of extra memory for PDF output out of 10000 (max. 10000000)

